Using pre-set license
Built from '2020.3/staging' branch; Version is '2020.3.26f1 (7298b473bc1a) revision 7510196'; Using compiler version '192528614'; Build Type 'Release'
OS: 'Windows 11  (10.0.22000) 64bit Core' Language: 'fr' Physical Memory: 16226 MB
BatchMode: 1, IsHumanControllingUs: 0, StartBugReporterOnCrash: 0, Is64bit: 1, IsPro: 0

COMMAND LINE ARGUMENTS:
D:\Programmes\2020.3.26f1\Editor\Unity.exe
-adb2
-batchMode
-noUpm
-name
AssetImportWorker0
-projectPath
D:/Documents/GameJam/GGJ-Plateformer/GGJ-project
-logFile
Logs/AssetImportWorker0.log
-srvPort
50600
Successfully changed project path to: D:/Documents/GameJam/GGJ-Plateformer/GGJ-project
D:/Documents/GameJam/GGJ-Plateformer/GGJ-project
Using Asset Import Pipeline V2.
Refreshing native plugins compatible for Editor in 50.19 ms, found 3 plugins.
Preloading 0 native plugins for Editor in 0.00 ms.
Initialize engine version: 2020.3.26f1 (7298b473bc1a)
[Subsystems] Discovering subsystems at path D:/Programmes/2020.3.26f1/Editor/Data/Resources/UnitySubsystems
[Subsystems] Discovering subsystems at path D:/Documents/GameJam/GGJ-Plateformer/GGJ-project/Assets
GfxDevice: creating device client; threaded=0
Direct3D:
    Version:  Direct3D 11.0 [level 11.1]
    Renderer: NVIDIA GeForce GTX 1060 (ID=0x1c20)
    Vendor:   
    VRAM:     6052 MB
    Driver:   30.0.14.9676
Initialize mono
Mono path[0] = 'D:/Programmes/2020.3.26f1/Editor/Data/Managed'
Mono path[1] = 'D:/Programmes/2020.3.26f1/Editor/Data/MonoBleedingEdge/lib/mono/unityjit'
Mono config path = 'D:/Programmes/2020.3.26f1/Editor/Data/MonoBleedingEdge/etc'
Using monoOptions --debugger-agent=transport=dt_socket,embedding=1,server=y,suspend=n,address=127.0.0.1:56236
Begin MonoManager ReloadAssembly
Registering precompiled unity dll's ...
Register platform support module: D:/Programmes/2020.3.26f1/Editor/Data/PlaybackEngines/WindowsStandaloneSupport/UnityEditor.WindowsStandalone.Extensions.dll
Registered in 0.000936 seconds.
Native extension for WindowsStandalone target not found
Refreshing native plugins compatible for Editor in 50.15 ms, found 3 plugins.
Preloading 0 native plugins for Editor in 0.00 ms.
Mono: successfully reloaded assembly
- Completed reload, in  0.681 seconds
Domain Reload Profiling:
	ReloadAssembly (681ms)
		BeginReloadAssembly (70ms)
			ExecutionOrderSort (0ms)
			DisableScriptedObjects (0ms)
			BackupInstance (0ms)
			ReleaseScriptingObjects (0ms)
			CreateAndSetChildDomain (1ms)
		EndReloadAssembly (532ms)
			LoadAssemblies (70ms)
			RebuildTransferFunctionScriptingTraits (0ms)
			SetupTypeCache (167ms)
			ReleaseScriptCaches (0ms)
			RebuildScriptCaches (36ms)
			SetupLoadedEditorAssemblies (193ms)
				LogAssemblyErrors (0ms)
				InitializePlatformSupportModulesInManaged (4ms)
				SetLoadedEditorAssemblies (0ms)
				RefreshPlugins (50ms)
				BeforeProcessingInitializeOnLoad (17ms)
				ProcessInitializeOnLoadAttributes (83ms)
				ProcessInitializeOnLoadMethodAttributes (39ms)
				AfterProcessingInitializeOnLoad (0ms)
				EditorAssembliesLoaded (0ms)
			ExecutionOrderSort2 (0ms)
			AwakeInstancesAfterBackupRestoration (0ms)
Platform modules already initialized, skipping
Registering precompiled user dll's ...
Registered in 0.003908 seconds.
Begin MonoManager ReloadAssembly
Native extension for WindowsStandalone target not found
Refreshing native plugins compatible for Editor in 48.89 ms, found 3 plugins.
Preloading 0 native plugins for Editor in 0.00 ms.
Mono: successfully reloaded assembly
- Completed reload, in  1.245 seconds
Domain Reload Profiling:
	ReloadAssembly (1246ms)
		BeginReloadAssembly (173ms)
			ExecutionOrderSort (0ms)
			DisableScriptedObjects (5ms)
			BackupInstance (0ms)
			ReleaseScriptingObjects (0ms)
			CreateAndSetChildDomain (20ms)
		EndReloadAssembly (1001ms)
			LoadAssemblies (115ms)
			RebuildTransferFunctionScriptingTraits (0ms)
			SetupTypeCache (325ms)
			ReleaseScriptCaches (0ms)
			RebuildScriptCaches (54ms)
			SetupLoadedEditorAssemblies (407ms)
				LogAssemblyErrors (0ms)
				InitializePlatformSupportModulesInManaged (4ms)
				SetLoadedEditorAssemblies (0ms)
				RefreshPlugins (49ms)
				BeforeProcessingInitializeOnLoad (81ms)
				ProcessInitializeOnLoadAttributes (251ms)
				ProcessInitializeOnLoadMethodAttributes (20ms)
				AfterProcessingInitializeOnLoad (2ms)
				EditorAssembliesLoaded (0ms)
			ExecutionOrderSort2 (0ms)
			AwakeInstancesAfterBackupRestoration (7ms)
Platform modules already initialized, skipping
========================================================================
Worker process is ready to serve import requests
Launched and connected shader compiler UnityShaderCompiler.exe after 0.25 seconds
Refreshing native plugins compatible for Editor in 0.82 ms, found 3 plugins.
Preloading 0 native plugins for Editor in 0.00 ms.
Unloading 2212 Unused Serialized files (Serialized files now loaded: 0)
System memory in use before: 96.2 MB.
System memory in use after: 96.3 MB.

Unloading 28 unused Assets to reduce memory usage. Loaded Objects now: 2645.
Total: 3.258100 ms (FindLiveObjects: 0.220700 ms CreateObjectMapping: 0.118300 ms MarkObjects: 2.849000 ms  DeleteObjects: 0.068900 ms)

AssetImportParameters requested are different than current active one (requested -> active):
  custom:framework-win-MediaFoundation: 216162199b28c13a410421893ffa2e32 -> 
  custom:video-decoder-ogg-theora: a1e56fd34408186e4bbccfd4996cb3dc -> 
  custom:container-muxer-webm: aa71ff27fc2769a1b78a27578f13a17b -> 
  custom:container-demuxer-webm: 4f35f7cbe854078d1ac9338744f61a02 -> 
  custom:container-demuxer-ogg: 62fdf1f143b41e24485cea50d1cbac27 -> 
  custom:video-encoder-webm-vp8: eb34c28f22e8b96e1ab97ce403110664 -> 
  custom:video-decoder-webm-vp8: 9c59270c3fd7afecdb556c50c9e8de78 -> 
  custom:audio-decoder-ogg-vorbis: bf7c407c2cedff20999df2af8eb42d56 -> 
  custom:audio-encoder-webm-vorbis: bf7c407c2cedff20999df2af8eb42d56 -> 
========================================================================
Received Import Request.
  path: Assets/Scenes
  artifactKey: Guid(a8abc3dad14158e4994fcd1ed51151a4) Importer(815301076,1909f56bfc062723c751e8b465ee728b)
Start importing Assets/Scenes using Guid(a8abc3dad14158e4994fcd1ed51151a4) Importer(815301076,1909f56bfc062723c751e8b465ee728b)  -> (artifact id: '013d356bbb7265fce14d212f46867acb') in 0.010093 seconds 
  Import took 0.014159 seconds .

========================================================================
Received Import Request.
  Time since last request: 0.000192 seconds.
  path: Assets/Scenes/lvl2.unity
  artifactKey: Guid(2704eee99b1a6bf4bada9e415ccfdb7b) Importer(815301076,1909f56bfc062723c751e8b465ee728b)
Start importing Assets/Scenes/lvl2.unity using Guid(2704eee99b1a6bf4bada9e415ccfdb7b) Importer(815301076,1909f56bfc062723c751e8b465ee728b)  -> (artifact id: 'f58934d29458e755d843624bd4a429c7') in 0.021857 seconds 
  Import took 0.025267 seconds .

========================================================================
Received Import Request.
  Time since last request: 2.823900 seconds.
  path: Assets/Scenes/HenriScene.unity
  artifactKey: Guid(e30c54e5741224241813f6d5b832f70a) Importer(815301076,1909f56bfc062723c751e8b465ee728b)
Start importing Assets/Scenes/HenriScene.unity using Guid(e30c54e5741224241813f6d5b832f70a) Importer(815301076,1909f56bfc062723c751e8b465ee728b)  -> (artifact id: 'c871fae8e878875ad7d908d7abc61674') in 0.011054 seconds 
  Import took 0.016952 seconds .

========================================================================
Received Import Request.
  Time since last request: 1.231666 seconds.
  path: Assets/Scenes/GuillaumeGeneral.unity
  artifactKey: Guid(bb0e8430d16f3a44488e20405d1fc751) Importer(815301076,1909f56bfc062723c751e8b465ee728b)
Start importing Assets/Scenes/GuillaumeGeneral.unity using Guid(bb0e8430d16f3a44488e20405d1fc751) Importer(815301076,1909f56bfc062723c751e8b465ee728b)  -> (artifact id: '533600e272f05a03b0c9843e6584a2d8') in 0.011332 seconds 
  Import took 0.014990 seconds .

========================================================================
Received Import Request.
  Time since last request: 0.720725 seconds.
  path: Assets/Scenes/Hugodabdab.unity
  artifactKey: Guid(2cda990e2423bbf4892e6590ba056729) Importer(815301076,1909f56bfc062723c751e8b465ee728b)
Start importing Assets/Scenes/Hugodabdab.unity using Guid(2cda990e2423bbf4892e6590ba056729) Importer(815301076,1909f56bfc062723c751e8b465ee728b)  -> (artifact id: '6bd5bd0cb27ed07a0c1a170019b70335') in 0.010025 seconds 
  Import took 0.014170 seconds .

========================================================================
Received Import Request.
  Time since last request: 2.057310 seconds.
  path: Assets/Scenes/LéoScene.unity
  artifactKey: Guid(c4d55c1d3802bba43ad50a36d4c56388) Importer(815301076,1909f56bfc062723c751e8b465ee728b)
Start importing Assets/Scenes/LéoScene.unity using Guid(c4d55c1d3802bba43ad50a36d4c56388) Importer(815301076,1909f56bfc062723c751e8b465ee728b)  -> (artifact id: '5f6b7b0f359f5e5fe057f4cf83056fdc') in 0.010975 seconds 
  Import took 0.014642 seconds .

========================================================================
Received Import Request.
  Time since last request: 0.664379 seconds.
  path: Assets/Scenes/TomDialogue.unity
  artifactKey: Guid(9d9fe6a182911e948a6b903c7154450e) Importer(815301076,1909f56bfc062723c751e8b465ee728b)
Start importing Assets/Scenes/TomDialogue.unity using Guid(9d9fe6a182911e948a6b903c7154450e) Importer(815301076,1909f56bfc062723c751e8b465ee728b)  -> (artifact id: '0c6259dd8e8da35cb4b2ee24dd893728') in 0.011174 seconds 
  Import took 0.014547 seconds .

AssetImportWorkerClient::OnTransportError - code=2 error=End of file
